Using pre-set license
Built from '2020.3/staging' branch; Version is '2020.3.19f1 (68f137dc9bbe) revision 6877495'; Using compiler version '192528614'; Build Type 'Release'
OS: 'Windows 10 Pro; OS build 19041.264; Version 2004; 64bit' Language: 'en' Physical Memory: 7837 MB
BatchMode: 1, IsHumanControllingUs: 0, StartBugReporterOnCrash: 0, Is64bit: 1, IsPro: 0

COMMAND LINE ARGUMENTS:
E:\unity\2020.3.19f1\Editor\Unity.exe
-adb2
-batchMode
-noUpm
-name
AssetImportWorker0
-projectPath
D:/Downloads/unity_fps-master/unity_fps-master/complete_project
-logFile
Logs/AssetImportWorker0.log
-srvPort
62690
Successfully changed project path to: D:/Downloads/unity_fps-master/unity_fps-master/complete_project
D:/Downloads/unity_fps-master/unity_fps-master/complete_project
Using Asset Import Pipeline V2.
Refreshing native plugins compatible for Editor in 46.47 ms, found 2 plugins.
Preloading 0 native plugins for Editor in 0.00 ms.
Initialize engine version: 2020.3.19f1 (68f137dc9bbe)
[Subsystems] Discovering subsystems at path E:/unity/2020.3.19f1/Editor/Data/Resources/UnitySubsystems
[Subsystems] Discovering subsystems at path D:/Downloads/unity_fps-master/unity_fps-master/complete_project/Assets
GfxDevice: creating device client; threaded=0
Direct3D:
    Version:  Direct3D 11.0 [level 11.1]
    Renderer: Intel(R) UHD Graphics 630 (ID=0x9bc8)
    Vendor:   
    VRAM:     3918 MB
    Driver:   27.20.100.8783
Initialize mono
Mono path[0] = 'E:/unity/2020.3.19f1/Editor/Data/Managed'
Mono path[1] = 'E:/unity/2020.3.19f1/Editor/Data/MonoBleedingEdge/lib/mono/unityjit'
Mono config path = 'E:/unity/2020.3.19f1/Editor/Data/MonoBleedingEdge/etc'
Using monoOptions --debugger-agent=transport=dt_socket,embedding=1,server=y,suspend=n,address=127.0.0.1:56720
Begin MonoManager ReloadAssembly
Registering precompiled unity dll's ...
Register platform support module: E:/unity/2020.3.19f1/Editor/Data/PlaybackEngines/WindowsStandaloneSupport/UnityEditor.WindowsStandalone.Extensions.dll
Registered in 0.000724 seconds.
Native extension for WindowsStandalone target not found
Refreshing native plugins compatible for Editor in 88.40 ms, found 2 plugins.
Preloading 0 native plugins for Editor in 0.00 ms.
Unable to find bridge dll in registry for Microsoft Visual Studio Tools for Unity for C:\Program Files (x86)\Microsoft Visual Studio\2019\Community\Common7\IDE\devenv.exe
Mono: successfully reloaded assembly
- Completed reload, in  0.878 seconds
Domain Reload Profiling:
	ReloadAssembly (879ms)
		BeginReloadAssembly (39ms)
			ExecutionOrderSort (0ms)
			DisableScriptedObjects (0ms)
			BackupInstance (0ms)
			ReleaseScriptingObjects (0ms)
			CreateAndSetChildDomain (1ms)
		EndReloadAssembly (531ms)
			LoadAssemblies (39ms)
			RebuildTransferFunctionScriptingTraits (0ms)
			SetupTypeCache (133ms)
			ReleaseScriptCaches (0ms)
			RebuildScriptCaches (29ms)
			SetupLoadedEditorAssemblies (308ms)
				LogAssemblyErrors (0ms)
				InitializePlatformSupportModulesInManaged (6ms)
				SetLoadedEditorAssemblies (0ms)
				RefreshPlugins (89ms)
				BeforeProcessingInitializeOnLoad (60ms)
				ProcessInitializeOnLoadAttributes (124ms)
				ProcessInitializeOnLoadMethodAttributes (28ms)
				AfterProcessingInitializeOnLoad (0ms)
				EditorAssembliesLoaded (0ms)
			ExecutionOrderSort2 (0ms)
			AwakeInstancesAfterBackupRestoration (0ms)
Platform modules already initialized, skipping
Registering precompiled user dll's ...
Registered in 0.002063 seconds.
Begin MonoManager ReloadAssembly
Native extension for WindowsStandalone target not found
Refreshing native plugins compatible for Editor in 0.65 ms, found 2 plugins.
Preloading 0 native plugins for Editor in 0.00 ms.
Mono: successfully reloaded assembly
- Completed reload, in  0.951 seconds
Domain Reload Profiling:
	ReloadAssembly (952ms)
		BeginReloadAssembly (117ms)
			ExecutionOrderSort (0ms)
			DisableScriptedObjects (4ms)
			BackupInstance (0ms)
			ReleaseScriptingObjects (0ms)
			CreateAndSetChildDomain (16ms)
		EndReloadAssembly (787ms)
			LoadAssemblies (104ms)
			RebuildTransferFunctionScriptingTraits (0ms)
			SetupTypeCache (233ms)
			ReleaseScriptCaches (0ms)
			RebuildScriptCaches (38ms)
			SetupLoadedEditorAssemblies (327ms)
				LogAssemblyErrors (0ms)
				InitializePlatformSupportModulesInManaged (4ms)
				SetLoadedEditorAssemblies (0ms)
				RefreshPlugins (1ms)
				BeforeProcessingInitializeOnLoad (71ms)
				ProcessInitializeOnLoadAttributes (214ms)
				ProcessInitializeOnLoadMethodAttributes (35ms)
				AfterProcessingInitializeOnLoad (2ms)
				EditorAssembliesLoaded (0ms)
			ExecutionOrderSort2 (0ms)
			AwakeInstancesAfterBackupRestoration (7ms)
Platform modules already initialized, skipping
========================================================================
Worker process is ready to serve import requests
Launched and connected shader compiler UnityShaderCompiler.exe after 0.16 seconds
Refreshing native plugins compatible for Editor in 1.59 ms, found 2 plugins.
Preloading 0 native plugins for Editor in 0.00 ms.
Unloading 2014 Unused Serialized files (Serialized files now loaded: 0)
System memory in use before: 112.6 MB.
System memory in use after: 112.7 MB.

Unloading 56 unused Assets to reduce memory usage. Loaded Objects now: 2445.
Total: 10.684800 ms (FindLiveObjects: 0.405300 ms CreateObjectMapping: 0.166800 ms MarkObjects: 9.892900 ms  DeleteObjects: 0.216900 ms)

AssetImportParameters requested are different than current active one (requested -> active):
  custom:framework-win-MediaFoundation: 216162199b28c13a410421893ffa2e32 -> 
  custom:video-decoder-ogg-theora: a1e56fd34408186e4bbccfd4996cb3dc -> 
  custom:container-muxer-webm: aa71ff27fc2769a1b78a27578f13a17b -> 
  custom:container-demuxer-webm: 4f35f7cbe854078d1ac9338744f61a02 -> 
  custom:container-demuxer-ogg: 62fdf1f143b41e24485cea50d1cbac27 -> 
  custom:video-encoder-webm-vp8: eb34c28f22e8b96e1ab97ce403110664 -> 
  custom:video-decoder-webm-vp8: 9c59270c3fd7afecdb556c50c9e8de78 -> 
  custom:audio-decoder-ogg-vorbis: bf7c407c2cedff20999df2af8eb42d56 -> 
  custom:audio-encoder-webm-vorbis: bf7c407c2cedff20999df2af8eb42d56 -> 
========================================================================
Received Import Request.
  path: Assets/AllSkyFree/Deep Dusk/Deep Dusk Equirect.mat
  artifactKey: Guid(c82a334cf5a5e47978749c210cee72a7) Importer(815301076,1909f56bfc062723c751e8b465ee728b)
Start importing Assets/AllSkyFree/Deep Dusk/Deep Dusk Equirect.mat using Guid(c82a334cf5a5e47978749c210cee72a7) Importer(815301076,1909f56bfc062723c751e8b465ee728b)  -> (artifact id: '0732a2a0cd6acf645d6c6fe4f7bf58ec') in 1.055844 seconds 
  Import took 1.165409 seconds .

========================================================================
Received Import Request.
  Time since last request: 0.000357 seconds.
  path: Assets/AllSkyFree/Deep Dusk/Deep Dusk.mat
  artifactKey: Guid(b4f152e0498484391a9f0d5a1facf03b) Importer(815301076,1909f56bfc062723c751e8b465ee728b)
Start importing Assets/AllSkyFree/Deep Dusk/Deep Dusk.mat using Guid(b4f152e0498484391a9f0d5a1facf03b) Importer(815301076,1909f56bfc062723c751e8b465ee728b)  -> (artifact id: 'b50d4aa2a89661561e0ce72d37e08c75') in 0.470609 seconds 
  Import took 0.514673 seconds .

========================================================================
Received Import Request.
  Time since last request: 61.771678 seconds.
  path: Assets/Shaders/Standard/New Lighting Settings.lighting
  artifactKey: Guid(c46abdb68a6f5df4faf12d2f6acf0caf) Importer(815301076,1909f56bfc062723c751e8b465ee728b)
Start importing Assets/Shaders/Standard/New Lighting Settings.lighting using Guid(c46abdb68a6f5df4faf12d2f6acf0caf) Importer(815301076,1909f56bfc062723c751e8b465ee728b)  -> (artifact id: '7d74ba20285da0b3a3cf9d645495e30d') in 0.004622 seconds 
  Import took 0.029207 seconds .

========================================================================
Received Import Request.
  Time since last request: 24.581426 seconds.
  path: Assets/Rocks and Boulders 2/Rocks/Source/Materials/Unity 5/Rock3_snow.mat
  artifactKey: Guid(04072163270291c4d8d5dc50182cc16e) Importer(815301076,1909f56bfc062723c751e8b465ee728b)
Start importing Assets/Rocks and Boulders 2/Rocks/Source/Materials/Unity 5/Rock3_snow.mat using Guid(04072163270291c4d8d5dc50182cc16e) Importer(815301076,1909f56bfc062723c751e8b465ee728b)  -> (artifact id: '33f9d1704a3f8882f43e907de51a27b5') in 0.477242 seconds 
  Import took 0.498221 seconds .

========================================================================
Received Import Request.
  Time since last request: 0.000195 seconds.
  path: Assets/Rocks and Boulders 2/Rocks/Source/Materials/Legacy/Rock2_snow.mat
  artifactKey: Guid(37231b28393bb2545a6fc69025929708) Importer(815301076,1909f56bfc062723c751e8b465ee728b)
Start importing Assets/Rocks and Boulders 2/Rocks/Source/Materials/Legacy/Rock2_snow.mat using Guid(37231b28393bb2545a6fc69025929708) Importer(815301076,1909f56bfc062723c751e8b465ee728b)  -> (artifact id: 'f8ff25dcc70c1a6c8d20e292d2057a08') in 0.204867 seconds 
  Import took 0.236805 seconds .

========================================================================
Received Import Request.
  Time since last request: 0.000490 seconds.
  path: Assets/Rocks and Boulders 2/Rocks/Source/Materials/Legacy/Rock5.mat
  artifactKey: Guid(3e29725df726b3b43942802262aa27e9) Importer(815301076,1909f56bfc062723c751e8b465ee728b)
Start importing Assets/Rocks and Boulders 2/Rocks/Source/Materials/Legacy/Rock5.mat using Guid(3e29725df726b3b43942802262aa27e9) Importer(815301076,1909f56bfc062723c751e8b465ee728b)  -> (artifact id: '8b621ff2328cb4d7f6b80eb0b757e75e') in 0.115731 seconds 
  Import took 0.131282 seconds .

========================================================================
Received Import Request.
  Time since last request: 0.000311 seconds.
  path: Assets/Rocks and Boulders 2/Rocks/Source/Materials/Unity 5/Rock2.mat
  artifactKey: Guid(520e490b117f8cc4bbfd41ec92292838) Importer(815301076,1909f56bfc062723c751e8b465ee728b)
Start importing Assets/Rocks and Boulders 2/Rocks/Source/Materials/Unity 5/Rock2.mat using Guid(520e490b117f8cc4bbfd41ec92292838) Importer(815301076,1909f56bfc062723c751e8b465ee728b)  -> (artifact id: 'cf54bdde4e38639ffaf80f668e62df66') in 0.243547 seconds 
  Import took 0.266159 seconds .

========================================================================
Received Import Request.
  Time since last request: 0.000596 seconds.
  path: Assets/Rocks and Boulders 2/Rocks/Source/Materials/Unity 5/Rock2_snow.mat
  artifactKey: Guid(0e9ca33faccb7b7498236b1553d5237e) Importer(815301076,1909f56bfc062723c751e8b465ee728b)
Start importing Assets/Rocks and Boulders 2/Rocks/Source/Materials/Unity 5/Rock2_snow.mat using Guid(0e9ca33faccb7b7498236b1553d5237e) Importer(815301076,1909f56bfc062723c751e8b465ee728b)  -> (artifact id: '49194364ac0edcced902292b0e95cd9b') in 0.054208 seconds 
  Import took 0.071054 seconds .

========================================================================
Received Import Request.
  Time since last request: 0.000360 seconds.
  path: Assets/Rocks and Boulders 2/Rocks/Source/Materials/Legacy/Rock4.mat
  artifactKey: Guid(6591bc99db1bb8b4e981332c696fffbe) Importer(815301076,1909f56bfc062723c751e8b465ee728b)
Start importing Assets/Rocks and Boulders 2/Rocks/Source/Materials/Legacy/Rock4.mat using Guid(6591bc99db1bb8b4e981332c696fffbe) Importer(815301076,1909f56bfc062723c751e8b465ee728b)  -> (artifact id: 'd3de2cff9f27a4a98a0557a5a168b8a2') in 0.135789 seconds 
  Import took 0.161936 seconds .

========================================================================
Received Import Request.
  Time since last request: 0.000377 seconds.
  path: Assets/Materials/Weapons/First Person/Revolver.mat
  artifactKey: Guid(0c4bc943ef0b9cb4480b9af834e2ce7b) Importer(815301076,1909f56bfc062723c751e8b465ee728b)
Start importing Assets/Materials/Weapons/First Person/Revolver.mat using Guid(0c4bc943ef0b9cb4480b9af834e2ce7b) Importer(815301076,1909f56bfc062723c751e8b465ee728b)  -> (artifact id: '8b09209596ef6de9983e28ed39e2be68') in 0.570997 seconds 
  Import took 0.578260 seconds .

========================================================================
Received Import Request.
  Time since last request: 0.000280 seconds.
  path: Assets/Materials/Weapons/First Person/Pickaxe.mat
  artifactKey: Guid(2d3e4e5954f9bf04b98f3fc1c5a44e7e) Importer(815301076,1909f56bfc062723c751e8b465ee728b)
Start importing Assets/Materials/Weapons/First Person/Pickaxe.mat using Guid(2d3e4e5954f9bf04b98f3fc1c5a44e7e) Importer(815301076,1909f56bfc062723c751e8b465ee728b)  -> (artifact id: '48769b7008098c8634369a92bd474bdf') in 0.276394 seconds 
  Import took 0.295370 seconds .

========================================================================
Received Import Request.
  Time since last request: 0.000409 seconds.
  path: Assets/Rocks and Boulders 2/Rocks/Source/Materials/Unity 5/Rock5.mat
  artifactKey: Guid(b5df0d0c5fdf17849add10dec913d0ce) Importer(815301076,1909f56bfc062723c751e8b465ee728b)
Start importing Assets/Rocks and Boulders 2/Rocks/Source/Materials/Unity 5/Rock5.mat using Guid(b5df0d0c5fdf17849add10dec913d0ce) Importer(815301076,1909f56bfc062723c751e8b465ee728b)  -> (artifact id: '09cf43970fa1051c6877d19d1e22c846') in 0.231229 seconds 
  Import took 0.251796 seconds .

========================================================================
Received Import Request.
  Time since last request: 0.000568 seconds.
  path: Assets/Models/Characters/Materials/Cannibal Hide Skirt.mat
  artifactKey: Guid(66ca316ca6a17174d885e2dbf77a8fb4) Importer(815301076,1909f56bfc062723c751e8b465ee728b)
Start importing Assets/Models/Characters/Materials/Cannibal Hide Skirt.mat using Guid(66ca316ca6a17174d885e2dbf77a8fb4) Importer(815301076,1909f56bfc062723c751e8b465ee728b)  -> (artifact id: '4052476c0acaf632bbc66ef70ed27e8e') in 0.077569 seconds 
  Import took 0.095404 seconds .

========================================================================
Received Import Request.
  Time since last request: 0.000218 seconds.
  path: Assets/AllSkyFree/Night MoonBurst/AllSky_Night_MoonBurst Equirect.mat
  artifactKey: Guid(51b74d7bad397457d883c5940f7664d8) Importer(815301076,1909f56bfc062723c751e8b465ee728b)
Start importing Assets/AllSkyFree/Night MoonBurst/AllSky_Night_MoonBurst Equirect.mat using Guid(51b74d7bad397457d883c5940f7664d8) Importer(815301076,1909f56bfc062723c751e8b465ee728b)  -> (artifact id: '4ca37fb9d2e839476718e1bd6863bf58') in 0.248743 seconds 
  Import took 0.257613 seconds .

========================================================================
Received Import Request.
  Time since last request: 0.000384 seconds.
  path: Assets/Materials/Weapons/World/Iron Spear_World.mat
  artifactKey: Guid(88e08d91780edbc4e8a5f39c1d3dabe4) Importer(815301076,1909f56bfc062723c751e8b465ee728b)
Start importing Assets/Materials/Weapons/World/Iron Spear_World.mat using Guid(88e08d91780edbc4e8a5f39c1d3dabe4) Importer(815301076,1909f56bfc062723c751e8b465ee728b)  -> (artifact id: 'bfbb36fccc4787e5cac0373ce36cb82e') in 0.124384 seconds 
  Import took 0.130000 seconds .

========================================================================
Received Import Request.
  Time since last request: 0.000208 seconds.
  path: Assets/Models/Characters/Materials/Chicken.mat
  artifactKey: Guid(da21a80f1e9fb1144bc4c242400c4fc8) Importer(815301076,1909f56bfc062723c751e8b465ee728b)
Start importing Assets/Models/Characters/Materials/Chicken.mat using Guid(da21a80f1e9fb1144bc4c242400c4fc8) Importer(815301076,1909f56bfc062723c751e8b465ee728b)  -> (artifact id: '61ee56d28ce48f085d49e7bd8f149639') in 0.058121 seconds 
  Import took 0.061648 seconds .

========================================================================
Received Import Request.
  Time since last request: 0.000230 seconds.
  path: Assets/Materials/Weapons/First Person/Hunting Rifle.mat
  artifactKey: Guid(6bfb1a404763afd4a82c9a00e3426f16) Importer(815301076,1909f56bfc062723c751e8b465ee728b)
Start importing Assets/Materials/Weapons/First Person/Hunting Rifle.mat using Guid(6bfb1a404763afd4a82c9a00e3426f16) Importer(815301076,1909f56bfc062723c751e8b465ee728b)  -> (artifact id: '37b1bf197cd6a2cd09672d5d642c6340') in 0.178391 seconds 
  Import took 0.197404 seconds .

========================================================================
Received Import Request.
  Time since last request: 0.000272 seconds.
  path: Assets/Materials/Weapons/First Person/Assault Rifle.mat
  artifactKey: Guid(bf343de3af9f4274a8d78d9dee5b0908) Importer(815301076,1909f56bfc062723c751e8b465ee728b)
Start importing Assets/Materials/Weapons/First Person/Assault Rifle.mat using Guid(bf343de3af9f4274a8d78d9dee5b0908) Importer(815301076,1909f56bfc062723c751e8b465ee728b)  -> (artifact id: '9756bdfab0c75467239dcc9a46a40171') in 0.211422 seconds 
  Import took 0.227648 seconds .

========================================================================
Received Import Request.
  Time since last request: 0.000425 seconds.
  path: Assets/Conifers [BOTD]/Render Pipeline Support/Built-in RP/CTI Runtime Components/Default Components/Resources/CTI_default_billboard_material.mat
  artifactKey: Guid(6da1894adda584f759ccf5e4d9ada5bf) Importer(815301076,1909f56bfc062723c751e8b465ee728b)
Start importing Assets/Conifers [BOTD]/Render Pipeline Support/Built-in RP/CTI Runtime Components/Default Components/Resources/CTI_default_billboard_material.mat using Guid(6da1894adda584f759ccf5e4d9ada5bf) Importer(815301076,1909f56bfc062723c751e8b465ee728b)  -> (artifact id: 'd9a8e204a388eb4f3ee00f933251405f') in 0.035778 seconds 
  Import took 0.047311 seconds .

========================================================================
Received Import Request.
  Time since last request: 0.000455 seconds.
  path: Assets/ADG_Textures/ground_vol1/ground10/ground10.mat
  artifactKey: Guid(43d91cc396861f443b5574aef062e3d3) Importer(815301076,1909f56bfc062723c751e8b465ee728b)
Start importing Assets/ADG_Textures/ground_vol1/ground10/ground10.mat using Guid(43d91cc396861f443b5574aef062e3d3) Importer(815301076,1909f56bfc062723c751e8b465ee728b)  -> (artifact id: '01dd41611a1a700ae22ba4713874c152') in 0.399705 seconds 
  Import took 0.412708 seconds .

========================================================================
Received Import Request.
  Time since last request: 0.000246 seconds.
  path: Assets/Materials/Weapons/First Person/Arms.mat
  artifactKey: Guid(f0dc5b2c180f556429090a6409109062) Importer(815301076,1909f56bfc062723c751e8b465ee728b)
Start importing Assets/Materials/Weapons/First Person/Arms.mat using Guid(f0dc5b2c180f556429090a6409109062) Importer(815301076,1909f56bfc062723c751e8b465ee728b)  -> (artifact id: 'a0694bd1e99f49e2d85137f31e95d471') in 0.183499 seconds 
  Import took 0.191262 seconds .

========================================================================
Received Import Request.
  Time since last request: 0.000572 seconds.
  path: Assets/Effects/Muzzle Flash/Materials/Muzzle Flash.mat
  artifactKey: Guid(d9020a80a1e98bf40a16655157e122ac) Importer(815301076,1909f56bfc062723c751e8b465ee728b)
Start importing Assets/Effects/Muzzle Flash/Materials/Muzzle Flash.mat using Guid(d9020a80a1e98bf40a16655157e122ac) Importer(815301076,1909f56bfc062723c751e8b465ee728b)  -> (artifact id: '6464a41ec069e7a510f31920432bd386') in 0.070651 seconds 
  Import took 0.077529 seconds .

========================================================================
Received Import Request.
  Time since last request: 0.000304 seconds.
  path: Assets/Conifers [BOTD]/Render Pipeline Support/Built-in RP/Sources/Billboards/Conifer Medium_BillboardMaterial.mat
  artifactKey: Guid(fc87aa03e15b04f0e881cbf7847f77c4) Importer(815301076,1909f56bfc062723c751e8b465ee728b)
Start importing Assets/Conifers [BOTD]/Render Pipeline Support/Built-in RP/Sources/Billboards/Conifer Medium_BillboardMaterial.mat using Guid(fc87aa03e15b04f0e881cbf7847f77c4) Importer(815301076,1909f56bfc062723c751e8b465ee728b)  -> (artifact id: '560a8ea653885f1f43a6e13afe0b6430') in 0.285671 seconds 
  Import took 0.298086 seconds .

========================================================================
Received Import Request.
  Time since last request: 0.000182 seconds.
  path: Assets/Rocks and Boulders 2/Rocks/Source/Materials/Legacy/Rock3.mat
  artifactKey: Guid(2ca607700b4ada64baca4113cf377ad2) Importer(815301076,1909f56bfc062723c751e8b465ee728b)
Start importing Assets/Rocks and Boulders 2/Rocks/Source/Materials/Legacy/Rock3.mat using Guid(2ca607700b4ada64baca4113cf377ad2) Importer(815301076,1909f56bfc062723c751e8b465ee728b)  -> (artifact id: 'd028a0a8f8ffd38cfbf44dc9d725bfe5') in 0.082650 seconds 
  Import took 0.086892 seconds .

========================================================================
Received Import Request.
  Time since last request: 0.000292 seconds.
  path: Assets/Rocks and Boulders 2/Rocks/Source/Materials/Legacy/Rock1_snow.mat
  artifactKey: Guid(6c761102f2fe9c341bb4e17f06e858b9) Importer(815301076,1909f56bfc062723c751e8b465ee728b)
Start importing Assets/Rocks and Boulders 2/Rocks/Source/Materials/Legacy/Rock1_snow.mat using Guid(6c761102f2fe9c341bb4e17f06e858b9) Importer(815301076,1909f56bfc062723c751e8b465ee728b)  -> (artifact id: '5eb754768fab946bbc689c2af4847e5d') in 0.113674 seconds 
  Import took 0.125482 seconds .

========================================================================
Received Import Request.
  Time since last request: 0.000477 seconds.
  path: Assets/Conifers [BOTD]/Render Pipeline Support/Built-in RP/Sources/Materials/M Conifer Leaves BODT.mat
  artifactKey: Guid(086b89f98297d43a4ae1f80ebc88e938) Importer(815301076,1909f56bfc062723c751e8b465ee728b)
Start importing Assets/Conifers [BOTD]/Render Pipeline Support/Built-in RP/Sources/Materials/M Conifer Leaves BODT.mat using Guid(086b89f98297d43a4ae1f80ebc88e938) Importer(815301076,1909f56bfc062723c751e8b465ee728b)  -> (artifact id: 'dd34b158adb569206dd118be57090560') in 0.177291 seconds 
  Import took 0.223464 seconds .

========================================================================
Received Import Request.
  Time since last request: 0.000244 seconds.
  path: Assets/Rocks and Boulders 2/Rocks/Source/Materials/Legacy/Rock2.mat
  artifactKey: Guid(456f16122b86f5545a10f16fe6d9a121) Importer(815301076,1909f56bfc062723c751e8b465ee728b)
Start importing Assets/Rocks and Boulders 2/Rocks/Source/Materials/Legacy/Rock2.mat using Guid(456f16122b86f5545a10f16fe6d9a121) Importer(815301076,1909f56bfc062723c751e8b465ee728b)  -> (artifact id: 'de8770e11c1abb1954b89a82fe8a66c2') in 0.047114 seconds 
  Import took 0.075810 seconds .

========================================================================
Received Import Request.
  Time since last request: 0.000517 seconds.
  path: Assets/Rocks and Boulders 2/Rocks/Source/Materials/Legacy/Rock1.mat
  artifactKey: Guid(358f6ff6f6135b24ebfc22d9612f2000) Importer(815301076,1909f56bfc062723c751e8b465ee728b)
Start importing Assets/Rocks and Boulders 2/Rocks/Source/Materials/Legacy/Rock1.mat using Guid(358f6ff6f6135b24ebfc22d9612f2000) Importer(815301076,1909f56bfc062723c751e8b465ee728b)  -> (artifact id: 'e95bbe6db49b442d5fa0c9c26c22af18') in 0.073229 seconds 
  Import took 0.080428 seconds .

========================================================================
Received Import Request.
  Time since last request: 0.000206 seconds.
  path: Assets/Conifers [BOTD]/Render Pipeline Support/Built-in RP/Sources/Billboards/Conifer Small_BillboardMaterial.mat
  artifactKey: Guid(fba25871281c3416cbb4faf8edfb3a1c) Importer(815301076,1909f56bfc062723c751e8b465ee728b)
Start importing Assets/Conifers [BOTD]/Render Pipeline Support/Built-in RP/Sources/Billboards/Conifer Small_BillboardMaterial.mat using Guid(fba25871281c3416cbb4faf8edfb3a1c) Importer(815301076,1909f56bfc062723c751e8b465ee728b)  -> (artifact id: '932f5f43fb5fe202a7f195926851e7a6') in 0.110030 seconds 
  Import took 0.125736 seconds .

========================================================================
Received Import Request.
  Time since last request: 0.000136 seconds.
  path: Assets/AllSkyFree/_AllSkyFreeDemoEnvironment/AdditiveSprite.mat
  artifactKey: Guid(55c04ce684cb542debc357409498bc4e) Importer(815301076,1909f56bfc062723c751e8b465ee728b)
Start importing Assets/AllSkyFree/_AllSkyFreeDemoEnvironment/AdditiveSprite.mat using Guid(55c04ce684cb542debc357409498bc4e) Importer(815301076,1909f56bfc062723c751e8b465ee728b)  -> (artifact id: '6673f4192e83c87f2d7e91002113cdf4') in 0.029249 seconds 
  Import took 0.032950 seconds .

========================================================================
Received Import Request.
  Time since last request: 0.000318 seconds.
  path: Assets/Rocks and Boulders 2/Rocks/Source/Materials/Legacy/Rock4_snow.mat
  artifactKey: Guid(aa26ccc3e8258414d82817dde5859b98) Importer(815301076,1909f56bfc062723c751e8b465ee728b)
Start importing Assets/Rocks and Boulders 2/Rocks/Source/Materials/Legacy/Rock4_snow.mat using Guid(aa26ccc3e8258414d82817dde5859b98) Importer(815301076,1909f56bfc062723c751e8b465ee728b)  -> (artifact id: '8cb84717d0edf5ea9004797e503a9fc8') in 0.117968 seconds 
  Import took 0.158662 seconds .

========================================================================
Received Import Request.
  Time since last request: 0.000262 seconds.
  path: Assets/Materials/Weapons/World/Iron Pickaxe_World.mat
  artifactKey: Guid(e37a9039ce608c940b17d97f7dbf07ed) Importer(815301076,1909f56bfc062723c751e8b465ee728b)
Start importing Assets/Materials/Weapons/World/Iron Pickaxe_World.mat using Guid(e37a9039ce608c940b17d97f7dbf07ed) Importer(815301076,1909f56bfc062723c751e8b465ee728b)  -> (artifact id: '954fbd1998560ed62a31f848748912d5') in 0.182826 seconds 
  Import took 0.215260 seconds .

========================================================================
Received Import Request.
  Time since last request: 0.000513 seconds.
  path: Assets/Materials/Weapons/World/Hunting Rifle_World.mat
  artifactKey: Guid(5ccce50884f3d1e438e3dc113200cc56) Importer(815301076,1909f56bfc062723c751e8b465ee728b)
Start importing Assets/Materials/Weapons/World/Hunting Rifle_World.mat using Guid(5ccce50884f3d1e438e3dc113200cc56) Importer(815301076,1909f56bfc062723c751e8b465ee728b)  -> (artifact id: '730bf1b257a26ec8e862ded31f1af38b') in 0.064696 seconds 
  Import took 0.073380 seconds .

========================================================================
Received Import Request.
  Time since last request: 0.000458 seconds.
  path: Assets/Rocks and Boulders 2/Demo/gray.mat
  artifactKey: Guid(22172bafc2d3a2c4b863543bfada408a) Importer(815301076,1909f56bfc062723c751e8b465ee728b)
Start importing Assets/Rocks and Boulders 2/Demo/gray.mat using Guid(22172bafc2d3a2c4b863543bfada408a) Importer(815301076,1909f56bfc062723c751e8b465ee728b)  -> (artifact id: 'b6d7bbf865fbad6b0617c4c870494e28') in 0.172269 seconds 
  Import took 0.270489 seconds .

========================================================================
Received Import Request.
  Time since last request: 0.000793 seconds.
  path: Assets/Materials/Weapons/World/Assault Rifle_World.mat
  artifactKey: Guid(22a2eda05efdfa04885862519b142cc0) Importer(815301076,1909f56bfc062723c751e8b465ee728b)
Start importing Assets/Materials/Weapons/World/Assault Rifle_World.mat using Guid(22a2eda05efdfa04885862519b142cc0) Importer(815301076,1909f56bfc062723c751e8b465ee728b)  -> (artifact id: 'b5cdfdac12437a0e3b1a602df7f2a202') in 0.043554 seconds 
  Import took 0.054998 seconds .

========================================================================
Received Import Request.
  Time since last request: 0.000266 seconds.
  path: Assets/Materials/Weapons/World/Revolver_World.mat
  artifactKey: Guid(a4e5ce8e0a9588f419174a5c86f620c8) Importer(815301076,1909f56bfc062723c751e8b465ee728b)
Start importing Assets/Materials/Weapons/World/Revolver_World.mat using Guid(a4e5ce8e0a9588f419174a5c86f620c8) Importer(815301076,1909f56bfc062723c751e8b465ee728b)  -> (artifact id: 'a18c73aeb921db4d3ec5378fd414af99') in 0.053784 seconds 
  Import took 0.064376 seconds .

========================================================================
Received Import Request.
  Time since last request: 0.000161 seconds.
  path: Assets/Rocks and Boulders 2/Rocks/Source/Materials/Unity 5/Rock4_snow.mat
  artifactKey: Guid(30af34461be7726449e2774a5285f6d9) Importer(815301076,1909f56bfc062723c751e8b465ee728b)
Start importing Assets/Rocks and Boulders 2/Rocks/Source/Materials/Unity 5/Rock4_snow.mat using Guid(30af34461be7726449e2774a5285f6d9) Importer(815301076,1909f56bfc062723c751e8b465ee728b)  -> (artifact id: 'c915673c1b6ce2c8397eaff2074e242f') in 0.393145 seconds 
  Import took 0.401571 seconds .

========================================================================
Received Import Request.
  Time since last request: 0.000352 seconds.
  path: Assets/AllSkyFree/Night MoonBurst/Night Moon Burst.mat
  artifactKey: Guid(c494c335823f54b52b2e87e1b7a63a23) Importer(815301076,1909f56bfc062723c751e8b465ee728b)
Start importing Assets/AllSkyFree/Night MoonBurst/Night Moon Burst.mat using Guid(c494c335823f54b52b2e87e1b7a63a23) Importer(815301076,1909f56bfc062723c751e8b465ee728b)  -> (artifact id: 'c02c1361748b06fac84ecd6228c3e512') in 0.577775 seconds 
  Import took 0.608452 seconds .

========================================================================
Received Import Request.
  Time since last request: 0.000539 seconds.
  path: Assets/Conifers [BOTD]/Render Pipeline Support/Built-in RP/Sources/Materials/M Conifer Bark Array BODT.mat
  artifactKey: Guid(a7e78992c7c5347a29bb4ad9b987be59) Importer(815301076,1909f56bfc062723c751e8b465ee728b)
Start importing Assets/Conifers [BOTD]/Render Pipeline Support/Built-in RP/Sources/Materials/M Conifer Bark Array BODT.mat using Guid(a7e78992c7c5347a29bb4ad9b987be59) Importer(815301076,1909f56bfc062723c751e8b465ee728b)  -> (artifact id: '05005ebe6ec08e1abb9e2749d2eb3448') in 0.360517 seconds 
  Import took 0.373120 seconds .

========================================================================
Received Import Request.
  Time since last request: 0.000217 seconds.
  path: Assets/Materials/Weapons/World/Bone Club_World.mat
  artifactKey: Guid(569830cec36e3244ab0ddf3c2f2dd303) Importer(815301076,1909f56bfc062723c751e8b465ee728b)
Start importing Assets/Materials/Weapons/World/Bone Club_World.mat using Guid(569830cec36e3244ab0ddf3c2f2dd303) Importer(815301076,1909f56bfc062723c751e8b465ee728b)  -> (artifact id: '62a19395d4f747441ce1e6f0ad4eb46e') in 0.065867 seconds 
  Import took 0.086606 seconds .

========================================================================
Received Import Request.
  Time since last request: 0.000208 seconds.
  path: Assets/Materials/Weapons/First Person/Building Plan.mat
  artifactKey: Guid(45ad18dcc6ecee4418c7ae2d55e331f7) Importer(815301076,1909f56bfc062723c751e8b465ee728b)
Start importing Assets/Materials/Weapons/First Person/Building Plan.mat using Guid(45ad18dcc6ecee4418c7ae2d55e331f7) Importer(815301076,1909f56bfc062723c751e8b465ee728b)  -> (artifact id: 'baec1fd92af010a9e71b9c8b46c992b4') in 0.127090 seconds 
  Import took 0.139853 seconds .

========================================================================
Received Import Request.
  Time since last request: 0.000248 seconds.
  path: Assets/Materials/Weapons/World/Fire Torch_World.mat
  artifactKey: Guid(1b54141183a43264db7960bfa4cf97f5) Importer(815301076,1909f56bfc062723c751e8b465ee728b)
Start importing Assets/Materials/Weapons/World/Fire Torch_World.mat using Guid(1b54141183a43264db7960bfa4cf97f5) Importer(815301076,1909f56bfc062723c751e8b465ee728b)  -> (artifact id: 'd24ade65e621f815a9a7e00c3a0ca800') in 0.031431 seconds 
  Import took 0.048899 seconds .

========================================================================
Received Import Request.
  Time since last request: 0.000254 seconds.
  path: Assets/Rocks and Boulders 2/Rocks/Source/Materials/Legacy/fix.mat
  artifactKey: Guid(8e9c01e643b6c2e47a47e055d68b5f1b) Importer(815301076,1909f56bfc062723c751e8b465ee728b)
Start importing Assets/Rocks and Boulders 2/Rocks/Source/Materials/Legacy/fix.mat using Guid(8e9c01e643b6c2e47a47e055d68b5f1b) Importer(815301076,1909f56bfc062723c751e8b465ee728b)  -> (artifact id: 'feb05e967e6e85ffecf02b0f28621c59') in 0.288272 seconds 
  Import took 0.297488 seconds .

========================================================================
Received Import Request.
  Time since last request: 0.000542 seconds.
  path: Assets/Models/Characters/Materials/Cannibal.mat
  artifactKey: Guid(09e5181d990377041a9c258e4be72eb8) Importer(815301076,1909f56bfc062723c751e8b465ee728b)
Start importing Assets/Models/Characters/Materials/Cannibal.mat using Guid(09e5181d990377041a9c258e4be72eb8) Importer(815301076,1909f56bfc062723c751e8b465ee728b)  -> (artifact id: 'f1e61539a7dfabed78823309c65f981b') in 0.088001 seconds 
  Import took 0.114390 seconds .

========================================================================
Received Import Request.
  Time since last request: 0.000251 seconds.
  path: Assets/Materials/Weapons/First Person/Axe.mat
  artifactKey: Guid(3336d43058b91ea4aa0f2e2b1c27eb2d) Importer(815301076,1909f56bfc062723c751e8b465ee728b)
Start importing Assets/Materials/Weapons/First Person/Axe.mat using Guid(3336d43058b91ea4aa0f2e2b1c27eb2d) Importer(815301076,1909f56bfc062723c751e8b465ee728b)  -> (artifact id: '4dcf83ac3acfeb385da22c860f7f9a9a') in 0.471650 seconds 
  Import took 0.484023 seconds .

========================================================================
Received Import Request.
  Time since last request: 0.000715 seconds.
  path: Assets/Materials/Effects/Particle Systems/Particle Duststorm.mat
  artifactKey: Guid(de729d592ac39d4429a4cebc976aa070) Importer(815301076,1909f56bfc062723c751e8b465ee728b)
Start importing Assets/Materials/Effects/Particle Systems/Particle Duststorm.mat using Guid(de729d592ac39d4429a4cebc976aa070) Importer(815301076,1909f56bfc062723c751e8b465ee728b)  -> (artifact id: 'e8e8084896511a667677b3ae72fbea22') in 0.104724 seconds 
  Import took 0.110766 seconds .

========================================================================
Received Import Request.
  Time since last request: 0.000252 seconds.
  path: Assets/Rocks and Boulders 2/Rocks/Source/Materials/Unity 5/Rock1_snow.mat
  artifactKey: Guid(01608c72af8878540af104e9e85c948a) Importer(815301076,1909f56bfc062723c751e8b465ee728b)
Start importing Assets/Rocks and Boulders 2/Rocks/Source/Materials/Unity 5/Rock1_snow.mat using Guid(01608c72af8878540af104e9e85c948a) Importer(815301076,1909f56bfc062723c751e8b465ee728b)  -> (artifact id: '1a7166926511988d0162fc4110d7cecf') in 0.189238 seconds 
  Import took 0.212099 seconds .

========================================================================
Received Import Request.
  Time since last request: 0.001115 seconds.
  path: Assets/Models/Characters/Materials/Boar.mat
  artifactKey: Guid(14c2f35dd5e58e44ea6f56f558ad9c84) Importer(815301076,1909f56bfc062723c751e8b465ee728b)
Start importing Assets/Models/Characters/Materials/Boar.mat using Guid(14c2f35dd5e58e44ea6f56f558ad9c84) Importer(815301076,1909f56bfc062723c751e8b465ee728b)  -> (artifact id: '94f1e7740816c5593576e28ff7ebeb1e') in 0.081030 seconds 
  Import took 0.092309 seconds .

========================================================================
Received Import Request.
  Time since last request: 0.000610 seconds.
  path: Assets/Rocks and Boulders 2/Rocks/Source/Materials/Legacy/normalfix.mat
  artifactKey: Guid(169c9e2106ccfe7439978c6e38b3c863) Importer(815301076,1909f56bfc062723c751e8b465ee728b)
Start importing Assets/Rocks and Boulders 2/Rocks/Source/Materials/Legacy/normalfix.mat using Guid(169c9e2106ccfe7439978c6e38b3c863) Importer(815301076,1909f56bfc062723c751e8b465ee728b)  -> (artifact id: 'e3aede8db69480bcb63273b5bad53f8a') in 0.122249 seconds 
  Import took 0.131449 seconds .

========================================================================
Received Import Request.
  Time since last request: 0.000790 seconds.
  path: Assets/ADG_Textures/ground_vol1/ground4/ground4.mat
  artifactKey: Guid(58621eb9da53bb648ab64c4982c9d407) Importer(815301076,1909f56bfc062723c751e8b465ee728b)
Start importing Assets/ADG_Textures/ground_vol1/ground4/ground4.mat using Guid(58621eb9da53bb648ab64c4982c9d407) Importer(815301076,1909f56bfc062723c751e8b465ee728b)  -> (artifact id: '240541c42b26033d234dae216dfd4439') in 0.291883 seconds 
  Import took 0.314504 seconds .

========================================================================
Received Import Request.
  Time since last request: 0.000490 seconds.
  path: Assets/Rocks and Boulders 2/Rocks/Source/Materials/Unity 5/Rock4.mat
  artifactKey: Guid(4f55ff57442728d46a34aa4aea8cb82c) Importer(815301076,1909f56bfc062723c751e8b465ee728b)
Start importing Assets/Rocks and Boulders 2/Rocks/Source/Materials/Unity 5/Rock4.mat using Guid(4f55ff57442728d46a34aa4aea8cb82c) Importer(815301076,1909f56bfc062723c751e8b465ee728b)  -> (artifact id: '46805a642fa0881e24ad95870d5f2e30') in 0.062990 seconds 
  Import took 0.071776 seconds .

========================================================================
Received Import Request.
  Time since last request: 0.000316 seconds.
  path: Assets/Materials/Effects/Particle Systems/Particle Smoke White.mat
  artifactKey: Guid(43b160885456ff5448583c7d56d9bbfb) Importer(815301076,1909f56bfc062723c751e8b465ee728b)
Start importing Assets/Materials/Effects/Particle Systems/Particle Smoke White.mat using Guid(43b160885456ff5448583c7d56d9bbfb) Importer(815301076,1909f56bfc062723c751e8b465ee728b)  -> (artifact id: 'bd5524151f006074a3415686dacbb579') in 0.028795 seconds 
  Import took 0.037706 seconds .

========================================================================
Received Import Request.
  Time since last request: 0.000292 seconds.
  path: Assets/Conifers [BOTD]/Render Pipeline Support/Built-in RP/Sources/Materials/M Conifer Bark Simple BODT.mat
  artifactKey: Guid(fcbc9e998124d414da7cb0d951f649a3) Importer(815301076,1909f56bfc062723c751e8b465ee728b)
Start importing Assets/Conifers [BOTD]/Render Pipeline Support/Built-in RP/Sources/Materials/M Conifer Bark Simple BODT.mat using Guid(fcbc9e998124d414da7cb0d951f649a3) Importer(815301076,1909f56bfc062723c751e8b465ee728b)  -> (artifact id: 'a7923c869d97353db8b0e9a853411440') in 0.203548 seconds 
  Import took 0.222828 seconds .

========================================================================
Received Import Request.
  Time since last request: 0.000187 seconds.
  path: Assets/Conifers [BOTD]/Render Pipeline Support/Built-in RP/Sources/Billboards/Conifer Tall_BillboardMaterial.mat
  artifactKey: Guid(cb64c4536ee5b445783c428f4a53af1c) Importer(815301076,1909f56bfc062723c751e8b465ee728b)
Start importing Assets/Conifers [BOTD]/Render Pipeline Support/Built-in RP/Sources/Billboards/Conifer Tall_BillboardMaterial.mat using Guid(cb64c4536ee5b445783c428f4a53af1c) Importer(815301076,1909f56bfc062723c751e8b465ee728b)  -> (artifact id: '8a842bd2c7fe7df202f1cf22a5950386') in 0.081844 seconds 
  Import took 0.084546 seconds .

========================================================================
Received Import Request.
  Time since last request: 0.000213 seconds.
  path: Assets/Rocks and Boulders 2/Rocks/Source/Materials/Legacy/Rock3_snow.mat
  artifactKey: Guid(6c4e69dbe7cb8f343b1f880b81f5e330) Importer(815301076,1909f56bfc062723c751e8b465ee728b)
Start importing Assets/Rocks and Boulders 2/Rocks/Source/Materials/Legacy/Rock3_snow.mat using Guid(6c4e69dbe7cb8f343b1f880b81f5e330) Importer(815301076,1909f56bfc062723c751e8b465ee728b)  -> (artifact id: 'e124f7a81eb4dae80197f4ff1a6d3cf5') in 0.023998 seconds 
  Import took 0.069981 seconds .

========================================================================
Received Import Request.
  Time since last request: 0.000466 seconds.
  path: Assets/Rocks and Boulders 2/Rocks/Source/Materials/Unity 5/Rock1.mat
  artifactKey: Guid(3501b3c43e42cb742bee51c3354f081f) Importer(815301076,1909f56bfc062723c751e8b465ee728b)
Start importing Assets/Rocks and Boulders 2/Rocks/Source/Materials/Unity 5/Rock1.mat using Guid(3501b3c43e42cb742bee51c3354f081f) Importer(815301076,1909f56bfc062723c751e8b465ee728b)  -> (artifact id: '0fee313ee39aa4920724922897c3573c') in 0.092924 seconds 
  Import took 0.103707 seconds .

========================================================================
Received Import Request.
  Time since last request: 0.000821 seconds.
  path: Assets/Conifers [BOTD]/Render Pipeline Support/Built-in RP/Sources/Billboards/Conifer Bare_BillboardMaterial.mat
  artifactKey: Guid(be7cd6e9ad58a462a91b1cae7694ef4c) Importer(815301076,1909f56bfc062723c751e8b465ee728b)
Start importing Assets/Conifers [BOTD]/Render Pipeline Support/Built-in RP/Sources/Billboards/Conifer Bare_BillboardMaterial.mat using Guid(be7cd6e9ad58a462a91b1cae7694ef4c) Importer(815301076,1909f56bfc062723c751e8b465ee728b)  -> (artifact id: 'd086a42d25981a7563e4e9fbdf78b5be') in 0.118785 seconds 
  Import took 0.161839 seconds .

========================================================================
Received Import Request.
  Time since last request: 0.001165 seconds.
  path: Assets/Materials/Weapons/First Person/Bone Club.mat
  artifactKey: Guid(0c18cb354c2a2674bbb5e5ffae27a8de) Importer(815301076,1909f56bfc062723c751e8b465ee728b)
Start importing Assets/Materials/Weapons/First Person/Bone Club.mat using Guid(0c18cb354c2a2674bbb5e5ffae27a8de) Importer(815301076,1909f56bfc062723c751e8b465ee728b)  -> (artifact id: 'a0d543c655b7f2d45a914afcf9fe4347') in 0.162212 seconds 
  Import took 0.182747 seconds .

========================================================================
Received Import Request.
  Time since last request: 0.000178 seconds.
  path: Assets/ADG_Textures/ground_vol1/ground9/ground9.mat
  artifactKey: Guid(808ad643de188e240b57498ca61b98a8) Importer(815301076,1909f56bfc062723c751e8b465ee728b)
Start importing Assets/ADG_Textures/ground_vol1/ground9/ground9.mat using Guid(808ad643de188e240b57498ca61b98a8) Importer(815301076,1909f56bfc062723c751e8b465ee728b)  -> (artifact id: '51d57b9e435e19da3e484057df2518e7') in 0.496192 seconds 
  Import took 0.523685 seconds .

========================================================================
Received Import Request.
  Time since last request: 0.000363 seconds.
  path: Assets/AllSkyFree/_AllSkyFreeDemoEnvironment/Materials/rock.mat
  artifactKey: Guid(d30ddf4719cd4364ea496a88c0638e03) Importer(815301076,1909f56bfc062723c751e8b465ee728b)
Start importing Assets/AllSkyFree/_AllSkyFreeDemoEnvironment/Materials/rock.mat using Guid(d30ddf4719cd4364ea496a88c0638e03) Importer(815301076,1909f56bfc062723c751e8b465ee728b)  -> (artifact id: '8bbf3ba3fe3f8567000f5fb2510d5d7d') in 0.052321 seconds 
  Import took 0.067259 seconds .

========================================================================
Received Import Request.
  Time since last request: 0.000743 seconds.
  path: Assets/Rocks and Boulders 2/Rocks/Source/Materials/Unity 5/Rock3.mat
  artifactKey: Guid(4ec38644468fc2b47b9a0a6515c38542) Importer(815301076,1909f56bfc062723c751e8b465ee728b)
Start importing Assets/Rocks and Boulders 2/Rocks/Source/Materials/Unity 5/Rock3.mat using Guid(4ec38644468fc2b47b9a0a6515c38542) Importer(815301076,1909f56bfc062723c751e8b465ee728b)  -> (artifact id: 'e247ec60b46b5c4a0d8fd39b16b26af0') in 0.075942 seconds 
  Import took 0.114633 seconds .

========================================================================
Received Import Request.
  Time since last request: 0.001178 seconds.
  path: Assets/ADG_Textures/ground_vol1/ground11/ground11.mat
  artifactKey: Guid(0b9b69ec22bd9824dbcacaf79a566cdc) Importer(815301076,1909f56bfc062723c751e8b465ee728b)
Start importing Assets/ADG_Textures/ground_vol1/ground11/ground11.mat using Guid(0b9b69ec22bd9824dbcacaf79a566cdc) Importer(815301076,1909f56bfc062723c751e8b465ee728b)  -> (artifact id: '80b386b4cc9f4581355891b8ae567967') in 0.397708 seconds 
  Import took 0.455145 seconds .

========================================================================
Received Import Request.
  Time since last request: 0.000235 seconds.
  path: Assets/Materials/Weapons/First Person/Iron Spear.mat
  artifactKey: Guid(f0a88953b3d9b654fbaf89f1c173bbe7) Importer(815301076,1909f56bfc062723c751e8b465ee728b)
Start importing Assets/Materials/Weapons/First Person/Iron Spear.mat using Guid(f0a88953b3d9b654fbaf89f1c173bbe7) Importer(815301076,1909f56bfc062723c751e8b465ee728b)  -> (artifact id: '744119510225485b3133d2948aae73a9') in 0.189058 seconds 
  Import took 0.215633 seconds .

========================================================================
Received Import Request.
  Time since last request: 0.000428 seconds.
  path: Assets/AllSkyFree/_AllSkyFreeDemoEnvironment/Materials/Landscape.mat
  artifactKey: Guid(0f6d8474522f98e43bc82dcda8b46e53) Importer(815301076,1909f56bfc062723c751e8b465ee728b)
Start importing Assets/AllSkyFree/_AllSkyFreeDemoEnvironment/Materials/Landscape.mat using Guid(0f6d8474522f98e43bc82dcda8b46e53) Importer(815301076,1909f56bfc062723c751e8b465ee728b)  -> (artifact id: '20b2d175913f9198c92ee9e0fb048c9b') in 0.012056 seconds 
  Import took 0.017004 seconds .

========================================================================
Received Import Request.
  Time since last request: 0.000205 seconds.
  path: Assets/ADG_Textures/ground_vol1/ground14/ground14.mat
  artifactKey: Guid(3b7bee62bfdf81742a7e944ddd698742) Importer(815301076,1909f56bfc062723c751e8b465ee728b)
Start importing Assets/ADG_Textures/ground_vol1/ground14/ground14.mat using Guid(3b7bee62bfdf81742a7e944ddd698742) Importer(815301076,1909f56bfc062723c751e8b465ee728b)  -> (artifact id: '673f9f65384de725588fa22ff1f1ab7d') in 0.319408 seconds 
  Import took 0.326297 seconds .

========================================================================
Received Prepare
Registering precompiled user dll's ...
Registered in 0.090923 seconds.
Begin MonoManager ReloadAssembly
Native extension for WindowsStandalone target not found
Refreshing native plugins compatible for Editor in 0.67 ms, found 2 plugins.
Preloading 0 native plugins for Editor in 0.00 ms.
Mono: successfully reloaded assembly
- Completed reload, in  0.978 seconds
Domain Reload Profiling:
	ReloadAssembly (979ms)
		BeginReloadAssembly (135ms)
			ExecutionOrderSort (0ms)
			DisableScriptedObjects (6ms)
			BackupInstance (0ms)
			ReleaseScriptingObjects (0ms)
			CreateAndSetChildDomain (54ms)
		EndReloadAssembly (796ms)
			LoadAssemblies (84ms)
			RebuildTransferFunctionScriptingTraits (0ms)
			SetupTypeCache (248ms)
			ReleaseScriptCaches (1ms)
			RebuildScriptCaches (38ms)
			SetupLoadedEditorAssemblies (289ms)
				LogAssemblyErrors (0ms)
				InitializePlatformSupportModulesInManaged (5ms)
				SetLoadedEditorAssemblies (0ms)
				RefreshPlugins (1ms)
				BeforeProcessingInitializeOnLoad (70ms)
				ProcessInitializeOnLoadAttributes (183ms)
				ProcessInitializeOnLoadMethodAttributes (27ms)
				AfterProcessingInitializeOnLoad (2ms)
				EditorAssembliesLoaded (0ms)
			ExecutionOrderSort2 (0ms)
			AwakeInstancesAfterBackupRestoration (8ms)
Platform modules already initialized, skipping
Refreshing native plugins compatible for Editor in 1.70 ms, found 2 plugins.
Preloading 0 native plugins for Editor in 0.00 ms.
Unloading 1982 Unused Serialized files (Serialized files now loaded: 0)
System memory in use before: 114.5 MB.
System memory in use after: 114.6 MB.

Unloading 47 unused Assets to reduce memory usage. Loaded Objects now: 2492.
Total: 10.188200 ms (FindLiveObjects: 0.467800 ms CreateObjectMapping: 0.139400 ms MarkObjects: 9.516200 ms  DeleteObjects: 0.060600 ms)

AssetImportParameters requested are different than current active one (requested -> active):
  custom:framework-win-MediaFoundation: 216162199b28c13a410421893ffa2e32 -> 
  custom:video-decoder-ogg-theora: a1e56fd34408186e4bbccfd4996cb3dc -> 
  custom:container-muxer-webm: aa71ff27fc2769a1b78a27578f13a17b -> 
  custom:container-demuxer-webm: 4f35f7cbe854078d1ac9338744f61a02 -> 
  custom:container-demuxer-ogg: 62fdf1f143b41e24485cea50d1cbac27 -> 
  custom:video-encoder-webm-vp8: eb34c28f22e8b96e1ab97ce403110664 -> 
  custom:video-decoder-webm-vp8: 9c59270c3fd7afecdb556c50c9e8de78 -> 
  custom:audio-decoder-ogg-vorbis: bf7c407c2cedff20999df2af8eb42d56 -> 
  custom:audio-encoder-webm-vorbis: bf7c407c2cedff20999df2af8eb42d56 -> 
AssetImportWorkerClient::OnTransportError - code=2 error=End of file
