Using pre-set license
Built from '2021.1/staging' branch; Version is '2021.1.23f1 (b50729e604a9) revision 11863849'; Using compiler version '192528614'; Build Type 'Release'
OS: 'Windows 10 Pro; OS build 19043.1288; Version 2009; 64bit' Language: 'en' Physical Memory: 8072 MB
BatchMode: 1, IsHumanControllingUs: 0, StartBugReporterOnCrash: 0, Is64bit: 1, IsPro: 0

COMMAND LINE ARGUMENTS:
C:\Program Files\2021.1.23f1\Editor\Unity.exe
-adb2
-batchMode
-noUpm
-name
AssetImportWorker0
-projectPath
D:/Unity/unity_fps/complete_project
-logFile
Logs/AssetImportWorker0.log
-srvPort
54473
Successfully changed project path to: D:/Unity/unity_fps/complete_project
D:/Unity/unity_fps/complete_project
Using Asset Import Pipeline V2.
Refreshing native plugins compatible for Editor in 44.33 ms, found 2 plugins.
Preloading 0 native plugins for Editor in 0.00 ms.
Initialize engine version: 2021.1.23f1 (b50729e604a9)
[Subsystems] Discovering subsystems at path C:/Program Files/2021.1.23f1/Editor/Data/Resources/UnitySubsystems
[Subsystems] Discovering subsystems at path D:/Unity/unity_fps/complete_project/Assets
GfxDevice: creating device client; threaded=0; jobified=0
Direct3D:
    Version:  Direct3D 11.0 [level 11.1]
    Renderer: NVIDIA GeForce GTX 1050 (ID=0x1c91)
    Vendor:   NVIDIA
    VRAM:     2996 MB
    Driver:   27.21.14.5749
Initialize mono
Mono path[0] = 'C:/Program Files/2021.1.23f1/Editor/Data/Managed'
Mono path[1] = 'C:/Program Files/2021.1.23f1/Editor/Data/MonoBleedingEdge/lib/mono/unityjit'
Mono config path = 'C:/Program Files/2021.1.23f1/Editor/Data/MonoBleedingEdge/etc'
Using monoOptions --debugger-agent=transport=dt_socket,embedding=1,server=y,suspend=n,address=127.0.0.1:56132
Begin MonoManager ReloadAssembly
Registering precompiled unity dll's ...
Register platform support module: C:/Program Files/2021.1.23f1/Editor/Data/PlaybackEngines/WindowsStandaloneSupport/UnityEditor.WindowsStandalone.Extensions.dll
Registered in 0.001796 seconds.
Native extension for WindowsStandalone target not found
Refreshing native plugins compatible for Editor in 40.58 ms, found 2 plugins.
Preloading 0 native plugins for Editor in 0.00 ms.
Mono: successfully reloaded assembly
- Completed reload, in  2.709 seconds
Domain Reload Profiling:
	ReloadAssembly (2709ms)
		BeginReloadAssembly (62ms)
			ExecutionOrderSort (0ms)
			DisableScriptedObjects (0ms)
			BackupInstance (0ms)
			ReleaseScriptingObjects (0ms)
			CreateAndSetChildDomain (1ms)
		EndReloadAssembly (397ms)
			LoadAssemblies (60ms)
			RebuildTransferFunctionScriptingTraits (0ms)
			SetupTypeCache (152ms)
			ReleaseScriptCaches (0ms)
			RebuildScriptCaches (36ms)
			SetupLoadedEditorAssemblies (167ms)
				LogAssemblyErrors (0ms)
				InitializePlatformSupportModulesInManaged (9ms)
				SetLoadedEditorAssemblies (0ms)
				RefreshPlugins (41ms)
				BeforeProcessingInitializeOnLoad (1ms)
				ProcessInitializeOnLoadAttributes (88ms)
				ProcessInitializeOnLoadMethodAttributes (27ms)
				AfterProcessingInitializeOnLoad (0ms)
				EditorAssembliesLoaded (0ms)
			ExecutionOrderSort2 (0ms)
			AwakeInstancesAfterBackupRestoration (0ms)
Platform modules already initialized, skipping
Registering precompiled user dll's ...
Registered in 0.002712 seconds.
Begin MonoManager ReloadAssembly
Native extension for WindowsStandalone target not found
Refreshing native plugins compatible for Editor in 1.15 ms, found 2 plugins.
Preloading 0 native plugins for Editor in 0.00 ms.
Mono: successfully reloaded assembly
- Completed reload, in  1.191 seconds
Domain Reload Profiling:
	ReloadAssembly (1192ms)
		BeginReloadAssembly (242ms)
			ExecutionOrderSort (0ms)
			DisableScriptedObjects (4ms)
			BackupInstance (0ms)
			ReleaseScriptingObjects (0ms)
			CreateAndSetChildDomain (24ms)
		EndReloadAssembly (896ms)
			LoadAssemblies (134ms)
			RebuildTransferFunctionScriptingTraits (0ms)
			SetupTypeCache (272ms)
			ReleaseScriptCaches (0ms)
			RebuildScriptCaches (41ms)
			SetupLoadedEditorAssemblies (412ms)
				LogAssemblyErrors (0ms)
				InitializePlatformSupportModulesInManaged (7ms)
				SetLoadedEditorAssemblies (1ms)
				RefreshPlugins (1ms)
				BeforeProcessingInitializeOnLoad (84ms)
				ProcessInitializeOnLoadAttributes (257ms)
				ProcessInitializeOnLoadMethodAttributes (56ms)
				AfterProcessingInitializeOnLoad (6ms)
				EditorAssembliesLoaded (0ms)
			ExecutionOrderSort2 (0ms)
			AwakeInstancesAfterBackupRestoration (6ms)
Platform modules already initialized, skipping
========================================================================
Worker process is ready to serve import requests
Launched and connected shader compiler UnityShaderCompiler.exe after 0.08 seconds
Refreshing native plugins compatible for Editor in 0.72 ms, found 2 plugins.
Preloading 0 native plugins for Editor in 0.00 ms.
Unloading 2012 Unused Serialized files (Serialized files now loaded: 0)
System memory in use before: 93.0 MB.
System memory in use after: 93.1 MB.

Unloading 56 unused Assets to reduce memory usage. Loaded Objects now: 2452.
Total: 10.241500 ms (FindLiveObjects: 0.231700 ms CreateObjectMapping: 0.081200 ms MarkObjects: 9.787000 ms  DeleteObjects: 0.140000 ms)

AssetImportParameters requested are different than current active one (requested -> active):
  custom:framework-win-MediaFoundation: 216162199b28c13a410421893ffa2e32 -> 
  custom:video-decoder-ogg-theora: a1e56fd34408186e4bbccfd4996cb3dc -> 
  custom:container-muxer-webm: aa71ff27fc2769a1b78a27578f13a17b -> 
  custom:container-demuxer-webm: 4f35f7cbe854078d1ac9338744f61a02 -> 
  custom:container-demuxer-ogg: 62fdf1f143b41e24485cea50d1cbac27 -> 
  custom:video-encoder-webm-vp8: eb34c28f22e8b96e1ab97ce403110664 -> 
  custom:video-decoder-webm-vp8: 9c59270c3fd7afecdb556c50c9e8de78 -> 
  custom:audio-decoder-ogg-vorbis: bf7c407c2cedff20999df2af8eb42d56 -> 
  custom:audio-encoder-webm-vorbis: bf7c407c2cedff20999df2af8eb42d56 -> 
========================================================================
Received Import Request.
  path: Assets/Terrain
  artifactKey: Guid(c6272cb46c557497fb8fcdfadbb54be1) Importer(815301076,1909f56bfc062723c751e8b465ee728b)
Start importing Assets/Terrain using Guid(c6272cb46c557497fb8fcdfadbb54be1) Importer(815301076,1909f56bfc062723c751e8b465ee728b)  -> (artifact id: 'ddf5728e75156f15f4f3e9133cf0980a') in 0.012468 seconds 
========================================================================
Received Import Request.
  Time since last request: 0.000226 seconds.
  path: Assets/Terrain/_Terrains/Forest.asset
  artifactKey: Guid(37c1e4834c1f7284d8dd3b50862a33c1) Importer(815301076,1909f56bfc062723c751e8b465ee728b)
Start importing Assets/Terrain/_Terrains/Forest.asset using Guid(37c1e4834c1f7284d8dd3b50862a33c1) Importer(815301076,1909f56bfc062723c751e8b465ee728b)  -> (artifact id: 'dc38c3bb2af31f309ff1ed2669550bff') in 0.267211 seconds 
========================================================================
Received Import Request.
  Time since last request: 0.000286 seconds.
  path: Assets/Terrain/_Terrains
  artifactKey: Guid(6382001095848449cbef6f4aba5a6f06) Importer(815301076,1909f56bfc062723c751e8b465ee728b)
Start importing Assets/Terrain/_Terrains using Guid(6382001095848449cbef6f4aba5a6f06) Importer(815301076,1909f56bfc062723c751e8b465ee728b)  -> (artifact id: '637c169ac849a4e7c47ebf6160e3ae69') in 0.005092 seconds 
========================================================================
Received Import Request.
  Time since last request: 86.550891 seconds.
  path: Assets/Terrain/_Terrains/New Terrain 3.asset
  artifactKey: Guid(1b95ac8ad48479d4ebb228cf251d9c4e) Importer(815301076,1909f56bfc062723c751e8b465ee728b)
Start importing Assets/Terrain/_Terrains/New Terrain 3.asset using Guid(1b95ac8ad48479d4ebb228cf251d9c4e) Importer(815301076,1909f56bfc062723c751e8b465ee728b) Tree prefab at index 0 is missing.
Tree prefab at index 1 is missing.
Tree prefab at index 2 is missing.
Tree prefab at index 3 is missing.
 -> (artifact id: 'b99aca8ceef93794e69b0d4275093011') in 0.037763 seconds 
========================================================================
Received Prepare
Registering precompiled user dll's ...
Registered in 0.003300 seconds.
Begin MonoManager ReloadAssembly
Native extension for WindowsStandalone target not found
Refreshing native plugins compatible for Editor in 0.61 ms, found 2 plugins.
Preloading 0 native plugins for Editor in 0.00 ms.
Mono: successfully reloaded assembly
- Completed reload, in  0.999 seconds
Domain Reload Profiling:
	ReloadAssembly (999ms)
		BeginReloadAssembly (133ms)
			ExecutionOrderSort (0ms)
			DisableScriptedObjects (5ms)
			BackupInstance (0ms)
			ReleaseScriptingObjects (0ms)
			CreateAndSetChildDomain (33ms)
		EndReloadAssembly (813ms)
			LoadAssemblies (98ms)
			RebuildTransferFunctionScriptingTraits (0ms)
			SetupTypeCache (263ms)
			ReleaseScriptCaches (1ms)
			RebuildScriptCaches (41ms)
			SetupLoadedEditorAssemblies (332ms)
				LogAssemblyErrors (0ms)
				InitializePlatformSupportModulesInManaged (4ms)
				SetLoadedEditorAssemblies (0ms)
				RefreshPlugins (1ms)
				BeforeProcessingInitializeOnLoad (51ms)
				ProcessInitializeOnLoadAttributes (215ms)
				ProcessInitializeOnLoadMethodAttributes (54ms)
				AfterProcessingInitializeOnLoad (7ms)
				EditorAssembliesLoaded (0ms)
			ExecutionOrderSort2 (0ms)
			AwakeInstancesAfterBackupRestoration (10ms)
Platform modules already initialized, skipping
Refreshing native plugins compatible for Editor in 0.61 ms, found 2 plugins.
Preloading 0 native plugins for Editor in 0.00 ms.
Unloading 1991 Unused Serialized files (Serialized files now loaded: 0)
System memory in use before: 93.9 MB.
System memory in use after: 94.0 MB.

Unloading 47 unused Assets to reduce memory usage. Loaded Objects now: 2486.
Total: 6.280100 ms (FindLiveObjects: 0.160200 ms CreateObjectMapping: 0.060200 ms MarkObjects: 6.019700 ms  DeleteObjects: 0.039000 ms)

AssetImportParameters requested are different than current active one (requested -> active):
  custom:framework-win-MediaFoundation: 216162199b28c13a410421893ffa2e32 -> 
  custom:video-decoder-ogg-theora: a1e56fd34408186e4bbccfd4996cb3dc -> 
  custom:container-muxer-webm: aa71ff27fc2769a1b78a27578f13a17b -> 
  custom:container-demuxer-webm: 4f35f7cbe854078d1ac9338744f61a02 -> 
  custom:container-demuxer-ogg: 62fdf1f143b41e24485cea50d1cbac27 -> 
  custom:video-encoder-webm-vp8: eb34c28f22e8b96e1ab97ce403110664 -> 
  custom:video-decoder-webm-vp8: 9c59270c3fd7afecdb556c50c9e8de78 -> 
  custom:audio-decoder-ogg-vorbis: bf7c407c2cedff20999df2af8eb42d56 -> 
  custom:audio-encoder-webm-vorbis: bf7c407c2cedff20999df2af8eb42d56 -> 
========================================================================
Received Import Request.
  Time since last request: 624.025525 seconds.
  path: Assets/New Terrain.asset
  artifactKey: Guid(b04f269b8cf460143a314a20449785fe) Importer(815301076,1909f56bfc062723c751e8b465ee728b)
Start importing Assets/New Terrain.asset using Guid(b04f269b8cf460143a314a20449785fe) Importer(815301076,1909f56bfc062723c751e8b465ee728b)  -> (artifact id: 'ffd882603fd7015f86ea41be597a6a40') in 0.026042 seconds 
========================================================================
Received Import Request.
  Time since last request: 263.134574 seconds.
  path: Assets/Scenes/SampleScene/NavMesh.asset
  artifactKey: Guid(98272be678eb642f0aacd3233e4e4b7b) Importer(815301076,1909f56bfc062723c751e8b465ee728b)
Start importing Assets/Scenes/SampleScene/NavMesh.asset using Guid(98272be678eb642f0aacd3233e4e4b7b) Importer(815301076,1909f56bfc062723c751e8b465ee728b)  -> (artifact id: 'b93304f2383b60f7d406415f3102b7db') in 0.143091 seconds 
========================================================================
Received Import Request.
  Time since last request: 715.148488 seconds.
  path: Assets/Textures/Terrain/2D Grass.psd
  artifactKey: Guid(0c456ba21764374419f19c05562e7d8e) Importer(815301076,1909f56bfc062723c751e8b465ee728b)
Start importing Assets/Textures/Terrain/2D Grass.psd using Guid(0c456ba21764374419f19c05562e7d8e) Importer(815301076,1909f56bfc062723c751e8b465ee728b)  -> (artifact id: '3960fafcd657eb708a943ca7367fdf8a') in 0.111952 seconds 
========================================================================
Received Import Request.
  Time since last request: 0.000333 seconds.
  path: Assets/Textures/Terrain/Cliff_Layered Rock.jpg
  artifactKey: Guid(e13ad7a9d4dc84697aaa540e7548d65b) Importer(815301076,1909f56bfc062723c751e8b465ee728b)
Start importing Assets/Textures/Terrain/Cliff_Layered Rock.jpg using Guid(e13ad7a9d4dc84697aaa540e7548d65b) Importer(815301076,1909f56bfc062723c751e8b465ee728b)  -> (artifact id: 'ea52938bffb2fbc45f90f032dfdbd203') in 0.024010 seconds 
========================================================================
Received Import Request.
  Time since last request: 0.000359 seconds.
  path: Assets/Textures/Terrain/Grass.png
  artifactKey: Guid(02b7184f24e46bd4895c51edc5bbc543) Importer(815301076,1909f56bfc062723c751e8b465ee728b)
Start importing Assets/Textures/Terrain/Grass.png using Guid(02b7184f24e46bd4895c51edc5bbc543) Importer(815301076,1909f56bfc062723c751e8b465ee728b)  -> (artifact id: '8ab8df021db670f7bdb47ea650f94c5e') in 0.020865 seconds 
========================================================================
Received Import Request.
  Time since last request: 0.000361 seconds.
  path: Assets/Textures/Terrain/Grass NRM.jpg
  artifactKey: Guid(38bda9c2920adb44ca4f6d96ce474d94) Importer(815301076,1909f56bfc062723c751e8b465ee728b)
Start importing Assets/Textures/Terrain/Grass NRM.jpg using Guid(38bda9c2920adb44ca4f6d96ce474d94) Importer(815301076,1909f56bfc062723c751e8b465ee728b)  -> (artifact id: '6cd939f1ea208ae61a6a8262c58850fe') in 0.054217 seconds 
========================================================================
Received Import Request.
  Time since last request: 10.244060 seconds.
  path: Assets/Textures/Rocks/Cliff_NRM.png
  artifactKey: Guid(16a5103cddc299c498d745210ee874e9) Importer(815301076,1909f56bfc062723c751e8b465ee728b)
Start importing Assets/Textures/Rocks/Cliff_NRM.png using Guid(16a5103cddc299c498d745210ee874e9) Importer(815301076,1909f56bfc062723c751e8b465ee728b)  -> (artifact id: 'ff6673eee50622193ef7b377845f1219') in 0.020449 seconds 
========================================================================
Received Import Request.
  Time since last request: 0.000266 seconds.
  path: Assets/Textures/Rocks/Rock_Normal.png
  artifactKey: Guid(4750186e0c155af4d9aa3417e175b327) Importer(815301076,1909f56bfc062723c751e8b465ee728b)
Start importing Assets/Textures/Rocks/Rock_Normal.png using Guid(4750186e0c155af4d9aa3417e175b327) Importer(815301076,1909f56bfc062723c751e8b465ee728b)  -> (artifact id: '525f7146f123c40aba51b5cf54337d1a') in 0.192456 seconds 
========================================================================
Received Import Request.
  Time since last request: 0.000325 seconds.
  path: Assets/Textures/Rocks/Rock_Metal.png
  artifactKey: Guid(b20317824b4c2584c809063ab3c3638a) Importer(815301076,1909f56bfc062723c751e8b465ee728b)
Start importing Assets/Textures/Rocks/Rock_Metal.png using Guid(b20317824b4c2584c809063ab3c3638a) Importer(815301076,1909f56bfc062723c751e8b465ee728b)  -> (artifact id: '7e47e5e89c69e9b7720a776e7b15564b') in 0.126924 seconds 
========================================================================
Received Import Request.
  Time since last request: 0.000326 seconds.
  path: Assets/Textures/Rocks/Rock_Metal_NRM.png
  artifactKey: Guid(50953789e899e7d479e759d2dc54caae) Importer(815301076,1909f56bfc062723c751e8b465ee728b)
Start importing Assets/Textures/Rocks/Rock_Metal_NRM.png using Guid(50953789e899e7d479e759d2dc54caae) Importer(815301076,1909f56bfc062723c751e8b465ee728b)  -> (artifact id: '4a3c177a9b7bde69e6c29211eeeb968a') in 0.144798 seconds 
========================================================================
Received Import Request.
  Time since last request: 0.000318 seconds.
  path: Assets/Textures/Rocks/Rock_Normal_NRM.png
  artifactKey: Guid(d143559b8a8b2534098392b98179030f) Importer(815301076,1909f56bfc062723c751e8b465ee728b)
Start importing Assets/Textures/Rocks/Rock_Normal_NRM.png using Guid(d143559b8a8b2534098392b98179030f) Importer(815301076,1909f56bfc062723c751e8b465ee728b)  -> (artifact id: '01c475fe8ddf87e8ab5bf138399e591d') in 0.117960 seconds 
========================================================================
Received Import Request.
  Time since last request: 3.184616 seconds.
  path: Assets/Textures/Effects/Sphere aShape.psd
  artifactKey: Guid(553de24b3748be0429881fe090fe8444) Importer(815301076,1909f56bfc062723c751e8b465ee728b)
Start importing Assets/Textures/Effects/Sphere aShape.psd using Guid(553de24b3748be0429881fe090fe8444) Importer(815301076,1909f56bfc062723c751e8b465ee728b)  -> (artifact id: 'bee860d501b50d5a44269adbf89194a9') in 0.138342 seconds 
========================================================================
Received Import Request.
  Time since last request: 0.000262 seconds.
  path: Assets/Textures/Effects/Vignette Maskf.png
  artifactKey: Guid(4e74b4930f3139d47a4f9e0cf56828dc) Importer(815301076,1909f56bfc062723c751e8b465ee728b)
Start importing Assets/Textures/Effects/Vignette Maskf.png using Guid(4e74b4930f3139d47a4f9e0cf56828dc) Importer(815301076,1909f56bfc062723c751e8b465ee728b)  -> (artifact id: '72f1385061a1b2d973f248324f2f2c1b') in 0.041078 seconds 
========================================================================
Received Import Request.
  Time since last request: 6.214627 seconds.
  path: Assets/Terrain/Trees/Tree.prefab
  artifactKey: Guid(6f29138e53dbd784890afe104a1e7de9) Importer(815301076,1909f56bfc062723c751e8b465ee728b)
Start importing Assets/Terrain/Trees/Tree.prefab using Guid(6f29138e53dbd784890afe104a1e7de9) Importer(815301076,1909f56bfc062723c751e8b465ee728b)  -> (artifact id: '5f595b5584e503ab02091aafe98cf774') in 0.293320 seconds 
AssetImportWorkerClient::OnTransportError - code=2 error=End of file
